2023-03-14T12:40:23.544+01:00  INFO 6568 --- [restartedMain] c.s.scrimfinder.ScrimfinderApplication   : Starting ScrimfinderApplication using Java 17.0.6 with PID 6568 (/home/sem.plasmeijer/projects/scrimFinder/scrimFinder-Docker/scrimFinder-API/build/classes/java/main started by sem.plasmeijer in /home/sem.plasmeijer/projects/scrimFinder/scrimFinder-Docker/scrimFinder-API)
2023-03-14T12:40:23.546+01:00  INFO 6568 --- [restartedMain] c.s.scrimfinder.ScrimfinderApplication   : No active profile set, falling back to 1 default profile: "default"
2023-03-14T12:40:23.583+01:00  INFO 6568 --- [restartedMain] .e.DevToolsPropertyDefaultsPostProcessor : Devtools property defaults active! Set 'spring.devtools.add-properties' to 'false' to disable
2023-03-14T12:40:23.583+01:00  INFO 6568 --- [restartedMain] .e.DevToolsPropertyDefaultsPostProcessor : For additional web related logging consider setting the 'logging.level.web' property to 'DEBUG'
2023-03-14T12:40:23.861+01:00  INFO 6568 --- [restartedMain] .s.d.r.c.RepositoryConfigurationDelegate : Bootstrapping Spring Data Elasticsearch repositories in DEFAULT mode.
2023-03-14T12:40:23.869+01:00  INFO 6568 --- [restartedMain] .s.d.r.c.RepositoryConfigurationDelegate : Finished Spring Data repository scanning in 5 ms. Found 0 Elasticsearch repository interfaces.
2023-03-14T12:40:23.872+01:00  INFO 6568 --- [restartedMain] .s.d.r.c.RepositoryConfigurationDelegate : Bootstrapping Spring Data Reactive Elasticsearch repositories in DEFAULT mode.
2023-03-14T12:40:23.872+01:00  INFO 6568 --- [restartedMain] .s.d.r.c.RepositoryConfigurationDelegate : Finished Spring Data repository scanning in 0 ms. Found 0 Reactive Elasticsearch repository interfaces.
2023-03-14T12:40:24.112+01:00  INFO 6568 --- [restartedMain] o.s.b.w.embedded.tomcat.TomcatWebServer  : Tomcat initialized with port(s): 8082 (http)
2023-03-14T12:40:24.118+01:00  INFO 6568 --- [restartedMain] o.apache.catalina.core.StandardService   : Starting service [Tomcat]
2023-03-14T12:40:24.119+01:00  INFO 6568 --- [restartedMain] o.apache.catalina.core.StandardEngine    : Starting Servlet engine: [Apache Tomcat/10.1.5]
2023-03-14T12:40:24.146+01:00  INFO 6568 --- [restartedMain] o.a.c.c.C.[Tomcat].[localhost].[/]       : Initializing Spring embedded WebApplicationContext
2023-03-14T12:40:24.147+01:00  INFO 6568 --- [restartedMain] w.s.c.ServletWebServerApplicationContext : Root WebApplicationContext: initialization completed in 563 ms
2023-03-14T12:40:24.158+01:00  WARN 6568 --- [restartedMain] .s.b.d.a.RemoteDevToolsAutoConfiguration : Listening for remote restart updates on /.~~spring-boot!~/restart
2023-03-14T12:40:24.175+01:00 DEBUG 6568 --- [restartedMain] o.s.w.f.CommonsRequestLoggingFilter      : Filter 'logFilter' configured for use
2023-03-14T12:40:24.564+01:00  WARN 6568 --- [restartedMain] o.s.b.d.a.OptionalLiveReloadServer       : Unable to start LiveReload server
2023-03-14T12:40:24.575+01:00  INFO 6568 --- [restartedMain] o.s.b.w.embedded.tomcat.TomcatWebServer  : Tomcat started on port(s): 8082 (http) with context path ''
2023-03-14T12:40:24.581+01:00  INFO 6568 --- [restartedMain] c.s.scrimfinder.ScrimfinderApplication   : Started ScrimfinderApplication in 1.281 seconds (process running for 1.495)
2023-03-14T12:40:28.787+01:00  INFO 6568 --- [http-nio-8082-exec-1] o.a.c.c.C.[Tomcat].[localhost].[/]       : Initializing Spring DispatcherServlet 'dispatcherServlet'
2023-03-14T12:40:28.787+01:00  INFO 6568 --- [http-nio-8082-exec-1] o.s.web.servlet.DispatcherServlet        : Initializing Servlet 'dispatcherServlet'
2023-03-14T12:40:28.788+01:00  INFO 6568 --- [http-nio-8082-exec-1] o.s.web.servlet.DispatcherServlet        : Completed initialization in 1 ms
2023-03-14T12:40:28.793+01:00  INFO 6568 --- [http-nio-8082-exec-1] c.s.s.web.log.RequestCachingFilter       : REQUEST DATA: 
2023-03-14T12:40:28.795+01:00 DEBUG 6568 --- [http-nio-8082-exec-1] o.s.w.f.CommonsRequestLoggingFilter      : Before request [GET /api/out/wq/logs]
2023-03-14T12:40:28.818+01:00 DEBUG 6568 --- [http-nio-8082-exec-1] o.s.w.f.CommonsRequestLoggingFilter      : REQUEST DATA: GET /api/out/wq/logs]
2023-03-14T12:40:28.875+01:00  INFO 6568 --- [http-nio-8082-exec-2] c.s.s.web.log.RequestCachingFilter       : REQUEST DATA: 
2023-03-14T12:40:28.875+01:00 DEBUG 6568 --- [http-nio-8082-exec-2] o.s.w.f.CommonsRequestLoggingFilter      : Before request [GET /favicon.ico]
2023-03-14T12:40:28.879+01:00 DEBUG 6568 --- [http-nio-8082-exec-2] o.s.w.f.CommonsRequestLoggingFilter      : REQUEST DATA: GET /favicon.ico]
